Aug 21, 2018 10:08:28 AM org.apache.karaf.main.Main launch
INFO: Installing and starting initial bundles
Aug 21, 2018 10:08:29 AM org.apache.karaf.main.Main launch
INFO: All initial bundles installed and set to start
Aug 21, 2018 10:08:29 AM org.apache.karaf.main.Main$KarafLockCallback lockAquired
INFO: Lock acquired. Setting startlevel to 100
Aug 21, 2018 10:29:27 AM org.apache.karaf.main.Main$KarafLockCallback lockAquired
INFO: Lock acquired. Setting startlevel to 100
Aug 21, 2018 10:36:49 AM org.apache.karaf.main.Main$KarafLockCallback lockAquired
INFO: Lock acquired. Setting startlevel to 100
Aug 21, 2018 10:38:30 AM org.apache.karaf.main.Main$KarafLockCallback lockAquired
INFO: Lock acquired. Setting startlevel to 100
Aug 21, 2018 10:48:37 AM org.apache.karaf.main.Main$KarafLockCallback lockAquired
INFO: Lock acquired. Setting startlevel to 100
Aug 21, 2018 11:23:53 AM org.apache.karaf.main.Main$KarafLockCallback lockAquired
INFO: Lock acquired. Setting startlevel to 100
Aug 22, 2018 5:03:56 PM org.apache.karaf.main.Main$KarafLockCallback lockAquired
INFO: Lock acquired. Setting startlevel to 100
Aug 24, 2018 1:31:28 PM org.apache.karaf.main.Main$KarafLockCallback lockAquired
INFO: Lock acquired. Setting startlevel to 100
Aug 24, 2018 4:41:21 PM org.apache.karaf.main.Main doMonitor
INFO: Data directory does not exist anymore, halting
